2022-04-02 19:02:52,082 : INFO : Start of Prediction
2022-04-02 19:02:52,082 : INFO : run_id:2022-04-02_190252_640567075
2022-04-02 19:02:52,082 : INFO : Start of Preprocessing...
2022-04-02 19:02:52,083 : INFO : Start of feature encoding...
2022-04-02 19:02:52,091 : INFO : End of feature encoding...
2022-04-02 19:02:52,092 : INFO : Start of Droping Columns...
2022-04-02 19:02:52,094 : INFO : End of Droping Columns...
2022-04-02 19:02:52,094 : INFO : Start of finding missing values...
2022-04-02 19:02:52,096 : INFO : End of finding missing values...
2022-04-02 19:02:52,097 : INFO : Start of building final predictset...
2022-04-02 19:02:52,110 : INFO : End of building final predictset...
2022-04-02 19:02:52,110 : INFO : End of Preprocessing...
2022-04-02 19:02:52,110 : INFO : Start of Load Model
2022-04-02 19:02:52,112 : INFO : Model File KMeans loaded
2022-04-02 19:02:52,112 : INFO : End of Load Model
2022-04-02 19:02:52,249 : INFO : clusters loop started
2022-04-02 19:02:52,253 : INFO : Start of finding correct model
2022-04-02 19:02:52,254 : INFO : End of finding correct model
2022-04-02 19:02:52,254 : INFO : Start of Load Model
2022-04-02 19:02:52,255 : INFO : Model File XGBoost0 loaded
2022-04-02 19:02:52,255 : INFO : End of Load Model
2022-04-02 19:02:52,366 : INFO : Shape of Data (1, 9)
2022-04-02 19:02:52,378 : INFO : Shape of Data None
2022-04-02 19:02:52,387 : INFO : Output : [0.]
2022-04-02 19:02:52,387 : INFO : End of Prediction
