2022-04-02 19:02:56,355 : INFO : Start of Prediction
2022-04-02 19:02:56,356 : INFO : run_id:2022-04-02_190256_240197854
2022-04-02 19:02:56,356 : INFO : Start of Preprocessing...
2022-04-02 19:02:56,356 : INFO : Start of feature encoding...
2022-04-02 19:02:56,362 : INFO : End of feature encoding...
2022-04-02 19:02:56,363 : INFO : Start of Droping Columns...
2022-04-02 19:02:56,365 : INFO : End of Droping Columns...
2022-04-02 19:02:56,365 : INFO : Start of finding missing values...
2022-04-02 19:02:56,366 : INFO : End of finding missing values...
2022-04-02 19:02:56,367 : INFO : Start of building final predictset...
2022-04-02 19:02:56,376 : INFO : End of building final predictset...
2022-04-02 19:02:56,377 : INFO : End of Preprocessing...
2022-04-02 19:02:56,377 : INFO : Start of Load Model
2022-04-02 19:02:56,377 : INFO : Model File KMeans loaded
2022-04-02 19:02:56,377 : INFO : End of Load Model
2022-04-02 19:02:56,385 : INFO : clusters loop started
2022-04-02 19:02:56,389 : INFO : Start of finding correct model
2022-04-02 19:02:56,389 : INFO : End of finding correct model
2022-04-02 19:02:56,390 : INFO : Start of Load Model
2022-04-02 19:02:56,390 : INFO : Model File XGBoost0 loaded
2022-04-02 19:02:56,390 : INFO : End of Load Model
2022-04-02 19:02:56,473 : INFO : Shape of Data (1, 9)
2022-04-02 19:02:56,488 : INFO : Shape of Data None
2022-04-02 19:02:56,496 : INFO : Output : [0.]
2022-04-02 19:02:56,496 : INFO : End of Prediction
