2022-04-02 18:18:25,003 : INFO : Start of Prediction
2022-04-02 18:18:25,004 : INFO : run_id:2022-04-02_181825_674595256
2022-04-02 18:18:25,004 : INFO : Start of Data Load, validation and transformation
2022-04-02 18:18:25,004 : INFO : Start of Archiving Old Rejected Files...
2022-04-02 18:18:25,005 : INFO : End of Archiving Old Rejected Files...
2022-04-02 18:18:25,005 : INFO : Start of Archiving Old Validated Files...
2022-04-02 18:18:25,008 : INFO : End of Archiving Old Validated Files...
2022-04-02 18:18:25,008 : INFO : Start of Archiving Old Processed Files...
2022-04-02 18:18:25,011 : INFO : End of Archiving Old Processed Files...
2022-04-02 18:18:25,011 : INFO : Start of Archiving Old Result Files...
2022-04-02 18:18:25,013 : INFO : End of Archiving Old Result Files...
2022-04-02 18:18:25,013 : INFO : Start of Reading values From Schema...
2022-04-02 18:18:25,015 : INFO : End of Reading values From Schema...
2022-04-02 18:18:25,016 : INFO : Start of Validating Column Length...
2022-04-02 18:18:25,021 : INFO : End of Validating Column Length...
2022-04-02 18:18:25,022 : INFO : Start of Validating Missing Values...
2022-04-02 18:18:25,028 : INFO : End of Validating Missing Values...
2022-04-02 18:18:25,028 : INFO : Start of Replacing Missing Values with NULL...
2022-04-02 18:18:25,038 : INFO : InputFile.csv: File Transformed successfully!!
2022-04-02 18:18:25,038 : INFO : End of Replacing Missing Values with NULL...
2022-04-02 18:18:25,039 : INFO : Start of Creating Table...
2022-04-02 18:18:25,040 : INFO : Opened prediction database successfully
2022-04-02 18:18:25,052 : INFO : CREATE TABLE prediction_raw_data_t column_name
2022-04-02 18:18:25,057 : INFO : ALTER TABLE prediction_raw_data_t ADD COLUMN
2022-04-02 18:18:25,062 : INFO : ALTER TABLE prediction_raw_data_t ADD COLUMN
2022-04-02 18:18:25,068 : INFO : ALTER TABLE prediction_raw_data_t ADD COLUMN
2022-04-02 18:18:25,074 : INFO : ALTER TABLE prediction_raw_data_t ADD COLUMN
2022-04-02 18:18:25,078 : INFO : ALTER TABLE prediction_raw_data_t ADD COLUMN
2022-04-02 18:18:25,085 : INFO : ALTER TABLE prediction_raw_data_t ADD COLUMN
2022-04-02 18:18:25,091 : INFO : ALTER TABLE prediction_raw_data_t ADD COLUMN
2022-04-02 18:18:25,097 : INFO : ALTER TABLE prediction_raw_data_t ADD COLUMN
2022-04-02 18:18:25,098 : INFO : End of Creating Table...
2022-04-02 18:18:25,100 : INFO : Opened prediction database successfully
2022-04-02 18:18:25,101 : INFO : Start of Inserting Data into Table...
2022-04-02 18:18:25,126 : INFO : End of Inserting Data into Table...
2022-04-02 18:18:25,126 : INFO : Start of Exporting Data into CSV...
2022-04-02 18:18:25,126 : INFO : Opened prediction database successfully
2022-04-02 18:18:25,128 : INFO : End of Exporting Data into CSV...
2022-04-02 18:18:25,129 : INFO : Start of Moving Processed Files...
2022-04-02 18:18:25,132 : INFO : Moved the already processed file InputFile.csv
2022-04-02 18:18:25,133 : INFO : End of Moving Processed Files...
2022-04-02 18:18:25,133 : INFO : End of Data Load, validation and transformation
2022-04-02 18:18:25,133 : INFO : Start of Preprocessing...
2022-04-02 18:18:25,133 : INFO : Start of reading dataset...
2022-04-02 18:18:25,140 : INFO : End of reading dataset...
2022-04-02 18:18:25,141 : INFO : Start of feature encoding...
2022-04-02 18:18:25,146 : INFO : End of feature encoding...
2022-04-02 18:18:25,148 : INFO : Start of Droping Columns...
2022-04-02 18:18:25,150 : INFO : End of Droping Columns...
2022-04-02 18:18:25,151 : INFO : Start of finding missing values...
2022-04-02 18:18:25,154 : INFO : End of finding missing values...
2022-04-02 18:18:25,154 : INFO : Start of building final predictset...
2022-04-02 18:18:25,161 : INFO : End of building final predictset...
2022-04-02 18:18:25,161 : INFO : End of Preprocessing...
2022-04-02 18:18:25,161 : INFO :    satisfaction_level  last_evaluation  ...  salary_medium   empid
0                0.38             0.53  ...              0     1.0
1                0.80             0.86  ...              0     2.0
2                0.21             0.44  ...              0  3154.0
3                0.87             0.52  ...              0  3155.0

[4 rows x 10 columns]
2022-04-02 18:18:25,192 : INFO : Start of Load Model
2022-04-02 18:18:25,193 : INFO : Model File KMeans loaded
2022-04-02 18:18:25,193 : INFO : End of Load Model
2022-04-02 18:18:25,202 : INFO : clusters loop started
2022-04-02 18:18:25,206 : INFO : Start of finding correct model
2022-04-02 18:18:25,207 : INFO : End of finding correct model
2022-04-02 18:18:25,208 : INFO : Start of Load Model
2022-04-02 18:18:25,208 : INFO : Model File XGBoost0 loaded
2022-04-02 18:18:25,209 : INFO : End of Load Model
2022-04-02 18:18:25,309 : INFO : clusters loop started
2022-04-02 18:18:25,313 : INFO : Start of finding correct model
2022-04-02 18:18:25,315 : INFO : End of finding correct model
2022-04-02 18:18:25,316 : INFO : Start of Load Model
2022-04-02 18:18:25,316 : INFO : Model File XGBoost1 loaded
2022-04-02 18:18:25,317 : INFO : End of Load Model
2022-04-02 18:18:25,419 : INFO : End of Prediction
