2022-04-02 18:14:59,825 : INFO : Start of Prediction
2022-04-02 18:14:59,825 : INFO : run_id:2022-04-02_181459_566947406
2022-04-02 18:14:59,825 : INFO : Start of Data Load, validation and transformation
2022-04-02 18:14:59,826 : INFO : Start of Archiving Old Rejected Files...
2022-04-02 18:14:59,826 : INFO : End of Archiving Old Rejected Files...
2022-04-02 18:14:59,827 : INFO : Start of Archiving Old Validated Files...
2022-04-02 18:14:59,842 : INFO : End of Archiving Old Validated Files...
2022-04-02 18:14:59,842 : INFO : Start of Archiving Old Processed Files...
2022-04-02 18:14:59,848 : INFO : End of Archiving Old Processed Files...
2022-04-02 18:14:59,848 : INFO : Start of Archiving Old Result Files...
2022-04-02 18:14:59,851 : INFO : End of Archiving Old Result Files...
2022-04-02 18:14:59,851 : INFO : Start of Reading values From Schema...
2022-04-02 18:14:59,854 : INFO : End of Reading values From Schema...
2022-04-02 18:14:59,855 : INFO : Start of Validating Column Length...
2022-04-02 18:14:59,855 : INFO : End of Validating Column Length...
2022-04-02 18:14:59,855 : INFO : Start of Validating Missing Values...
2022-04-02 18:14:59,855 : INFO : End of Validating Missing Values...
2022-04-02 18:14:59,855 : INFO : Start of Replacing Missing Values with NULL...
2022-04-02 18:14:59,856 : INFO : End of Replacing Missing Values with NULL...
2022-04-02 18:14:59,856 : INFO : Start of Creating Table...
2022-04-02 18:14:59,926 : INFO : Opened prediction database successfully
2022-04-02 18:15:00,138 : INFO : CREATE TABLE prediction_raw_data_t column_name
2022-04-02 18:15:00,245 : INFO : ALTER TABLE prediction_raw_data_t ADD COLUMN
2022-04-02 18:15:00,351 : INFO : ALTER TABLE prediction_raw_data_t ADD COLUMN
2022-04-02 18:15:00,491 : INFO : ALTER TABLE prediction_raw_data_t ADD COLUMN
2022-04-02 18:15:00,604 : INFO : ALTER TABLE prediction_raw_data_t ADD COLUMN
2022-04-02 18:15:00,707 : INFO : ALTER TABLE prediction_raw_data_t ADD COLUMN
2022-04-02 18:15:00,806 : INFO : ALTER TABLE prediction_raw_data_t ADD COLUMN
2022-04-02 18:15:00,906 : INFO : ALTER TABLE prediction_raw_data_t ADD COLUMN
2022-04-02 18:15:01,052 : INFO : ALTER TABLE prediction_raw_data_t ADD COLUMN
2022-04-02 18:15:01,052 : INFO : End of Creating Table...
2022-04-02 18:15:01,054 : INFO : Opened prediction database successfully
2022-04-02 18:15:01,054 : INFO : Start of Inserting Data into Table...
2022-04-02 18:15:01,055 : INFO : End of Inserting Data into Table...
2022-04-02 18:15:01,056 : INFO : Start of Exporting Data into CSV...
2022-04-02 18:15:01,057 : INFO : Opened prediction database successfully
2022-04-02 18:15:01,059 : INFO : End of Exporting Data into CSV...
2022-04-02 18:15:01,061 : INFO : Start of Moving Processed Files...
2022-04-02 18:15:01,065 : INFO : End of Moving Processed Files...
2022-04-02 18:15:01,067 : INFO : End of Data Load, validation and transformation
2022-04-02 18:15:01,068 : INFO : Start of Preprocessing...
2022-04-02 18:15:01,068 : INFO : Start of reading dataset...
2022-04-02 18:15:01,273 : INFO : End of reading dataset...
2022-04-02 18:15:01,274 : INFO : Start of feature encoding...
2022-04-02 18:15:01,377 : INFO : End of feature encoding...
2022-04-02 18:15:01,381 : INFO : Start of Droping Columns...
2022-04-02 18:15:01,383 : INFO : End of Droping Columns...
2022-04-02 18:15:01,383 : INFO : Start of finding missing values...
2022-04-02 18:15:01,387 : INFO : End of finding missing values...
2022-04-02 18:15:01,387 : INFO : Start of building final predictset...
2022-04-02 18:15:01,419 : INFO : End of building final predictset...
2022-04-02 18:15:01,420 : INFO : End of Preprocessing...
2022-04-02 18:15:01,420 : INFO : Empty DataFrame
Columns: [satisfaction_level, last_evaluation, number_project, average_montly_hours, time_spend_company, Work_accident, promotion_last_5years, salary_low, salary_medium, empid]
Index: []
2022-04-02 18:15:01,453 : INFO : Start of Load Model
2022-04-02 18:15:01,467 : INFO : Model File KMeans loaded
2022-04-02 18:15:01,467 : INFO : End of Load Model
2022-04-02 18:15:01,475 : ERROR : Unsuccessful End of Prediction
Traceback (most recent call last):
  File "C:\Users\kanwa\Project\Churn\apps\prediction\predict_model.py", line 48, in batch_predict_from_model
    clusters = kmeans.predict(self.X.drop(['empid'],axis=1))
  File "C:\Users\kanwa\anaconda\envs\Churn\lib\site-packages\sklearn\cluster\_kmeans.py", line 1330, in predict
    X = self._check_test_data(X)
  File "C:\Users\kanwa\anaconda\envs\Churn\lib\site-packages\sklearn\cluster\_kmeans.py", line 1013, in _check_test_data
    accept_large_sparse=False,
  File "C:\Users\kanwa\anaconda\envs\Churn\lib\site-packages\sklearn\base.py", line 566, in _validate_data
    X = check_array(X, **check_params)
  File "C:\Users\kanwa\anaconda\envs\Churn\lib\site-packages\sklearn\utils\validation.py", line 808, in check_array
    % (n_samples, array.shape, ensure_min_samples, context)
ValueError: Found array with 0 sample(s) (shape=(0, 9)) while a minimum of 1 is required.
