2022-04-02 19:02:52,615 : INFO : Start of Prediction
2022-04-02 19:02:52,615 : INFO : run_id:2022-04-02_190252_466318829
2022-04-02 19:02:52,616 : INFO : Start of Preprocessing...
2022-04-02 19:02:52,616 : INFO : Start of feature encoding...
2022-04-02 19:02:52,630 : INFO : End of feature encoding...
2022-04-02 19:02:52,632 : INFO : Start of Droping Columns...
2022-04-02 19:02:52,637 : INFO : End of Droping Columns...
2022-04-02 19:02:52,638 : INFO : Start of finding missing values...
2022-04-02 19:02:52,641 : INFO : End of finding missing values...
2022-04-02 19:02:52,641 : INFO : Start of building final predictset...
2022-04-02 19:02:52,652 : INFO : End of building final predictset...
2022-04-02 19:02:52,653 : INFO : End of Preprocessing...
2022-04-02 19:02:52,653 : INFO : Start of Load Model
2022-04-02 19:02:52,654 : INFO : Model File KMeans loaded
2022-04-02 19:02:52,654 : INFO : End of Load Model
2022-04-02 19:02:52,664 : INFO : clusters loop started
2022-04-02 19:02:52,667 : INFO : Start of finding correct model
2022-04-02 19:02:52,668 : INFO : End of finding correct model
2022-04-02 19:02:52,669 : INFO : Start of Load Model
2022-04-02 19:02:52,670 : INFO : Model File XGBoost0 loaded
2022-04-02 19:02:52,670 : INFO : End of Load Model
2022-04-02 19:02:52,747 : INFO : Shape of Data (1, 9)
2022-04-02 19:02:52,765 : INFO : Shape of Data None
2022-04-02 19:02:52,774 : INFO : Output : [0.]
2022-04-02 19:02:52,775 : INFO : End of Prediction
