2022-04-02 18:30:41,018 : INFO : Start of Prediction
2022-04-02 18:30:41,019 : INFO : run_id:2022-04-02_183040_573595292
2022-04-02 18:30:41,020 : INFO : Start of Preprocessing...
2022-04-02 18:30:41,021 : INFO : Start of feature encoding...
2022-04-02 18:30:41,033 : INFO : End of feature encoding...
2022-04-02 18:30:41,036 : INFO : Start of Droping Columns...
2022-04-02 18:30:41,039 : INFO : End of Droping Columns...
2022-04-02 18:30:41,040 : INFO : Start of finding missing values...
2022-04-02 18:30:41,043 : INFO : End of finding missing values...
2022-04-02 18:30:41,045 : INFO : Start of building final predictset...
2022-04-02 18:30:41,058 : INFO : End of building final predictset...
2022-04-02 18:30:41,059 : INFO : End of Preprocessing...
2022-04-02 18:30:41,059 : INFO : Start of Load Model
2022-04-02 18:30:41,060 : INFO : Model File KMeans loaded
2022-04-02 18:30:41,060 : INFO : End of Load Model
2022-04-02 18:30:41,076 : INFO : clusters loop started
2022-04-02 18:30:41,084 : INFO : Start of finding correct model
2022-04-02 18:30:41,086 : INFO : End of finding correct model
2022-04-02 18:30:41,086 : INFO : Start of Load Model
2022-04-02 18:30:41,088 : INFO : Model File XGBoost0 loaded
2022-04-02 18:30:41,088 : INFO : End of Load Model
2022-04-02 18:30:41,171 : INFO : Shape of Data (1, 9)
2022-04-02 18:30:41,186 : INFO : Shape of Data None
2022-04-02 18:30:41,194 : INFO : Output : [0.]
2022-04-02 18:30:41,194 : INFO : End of Prediction
