2022-04-02 19:02:55,890 : INFO : Start of Prediction
2022-04-02 19:02:55,890 : INFO : run_id:2022-04-02_190255_798928189
2022-04-02 19:02:55,890 : INFO : Start of Preprocessing...
2022-04-02 19:02:55,891 : INFO : Start of feature encoding...
2022-04-02 19:02:55,897 : INFO : End of feature encoding...
2022-04-02 19:02:55,898 : INFO : Start of Droping Columns...
2022-04-02 19:02:55,899 : INFO : End of Droping Columns...
2022-04-02 19:02:55,899 : INFO : Start of finding missing values...
2022-04-02 19:02:55,902 : INFO : End of finding missing values...
2022-04-02 19:02:55,902 : INFO : Start of building final predictset...
2022-04-02 19:02:55,909 : INFO : End of building final predictset...
2022-04-02 19:02:55,909 : INFO : End of Preprocessing...
2022-04-02 19:02:55,909 : INFO : Start of Load Model
2022-04-02 19:02:55,910 : INFO : Model File KMeans loaded
2022-04-02 19:02:55,910 : INFO : End of Load Model
2022-04-02 19:02:55,917 : INFO : clusters loop started
2022-04-02 19:02:55,921 : INFO : Start of finding correct model
2022-04-02 19:02:55,922 : INFO : End of finding correct model
2022-04-02 19:02:55,922 : INFO : Start of Load Model
2022-04-02 19:02:55,923 : INFO : Model File XGBoost0 loaded
2022-04-02 19:02:55,923 : INFO : End of Load Model
2022-04-02 19:02:55,997 : INFO : Shape of Data (1, 9)
2022-04-02 19:02:56,015 : INFO : Shape of Data None
2022-04-02 19:02:56,028 : INFO : Output : [0.]
2022-04-02 19:02:56,028 : INFO : End of Prediction
