2022-04-02 18:15:34,705 : INFO : Start of Prediction
2022-04-02 18:15:34,706 : INFO : run_id:2022-04-02_181534_367058703
2022-04-02 18:15:34,706 : INFO : Start of Data Load, validation and transformation
2022-04-02 18:15:34,707 : INFO : Start of Archiving Old Rejected Files...
2022-04-02 18:15:34,708 : INFO : End of Archiving Old Rejected Files...
2022-04-02 18:15:34,708 : INFO : Start of Archiving Old Validated Files...
2022-04-02 18:15:34,712 : INFO : End of Archiving Old Validated Files...
2022-04-02 18:15:34,712 : INFO : Start of Archiving Old Processed Files...
2022-04-02 18:15:34,713 : INFO : End of Archiving Old Processed Files...
2022-04-02 18:15:34,714 : INFO : Start of Archiving Old Result Files...
2022-04-02 18:15:34,714 : INFO : End of Archiving Old Result Files...
2022-04-02 18:15:34,715 : INFO : Start of Reading values From Schema...
2022-04-02 18:15:34,716 : INFO : End of Reading values From Schema...
2022-04-02 18:15:34,716 : INFO : Start of Validating Column Length...
2022-04-02 18:15:34,722 : INFO : End of Validating Column Length...
2022-04-02 18:15:34,722 : INFO : Start of Validating Missing Values...
2022-04-02 18:15:34,731 : INFO : End of Validating Missing Values...
2022-04-02 18:15:34,732 : INFO : Start of Replacing Missing Values with NULL...
2022-04-02 18:15:34,748 : INFO : InputFile.csv: File Transformed successfully!!
2022-04-02 18:15:34,748 : INFO : End of Replacing Missing Values with NULL...
2022-04-02 18:15:34,748 : INFO : Start of Creating Table...
2022-04-02 18:15:34,749 : INFO : Opened prediction database successfully
2022-04-02 18:15:34,764 : INFO : CREATE TABLE prediction_raw_data_t column_name
2022-04-02 18:15:34,771 : INFO : ALTER TABLE prediction_raw_data_t ADD COLUMN
2022-04-02 18:15:34,777 : INFO : ALTER TABLE prediction_raw_data_t ADD COLUMN
2022-04-02 18:15:34,784 : INFO : ALTER TABLE prediction_raw_data_t ADD COLUMN
2022-04-02 18:15:34,789 : INFO : ALTER TABLE prediction_raw_data_t ADD COLUMN
2022-04-02 18:15:34,796 : INFO : ALTER TABLE prediction_raw_data_t ADD COLUMN
2022-04-02 18:15:34,802 : INFO : ALTER TABLE prediction_raw_data_t ADD COLUMN
2022-04-02 18:15:34,807 : INFO : ALTER TABLE prediction_raw_data_t ADD COLUMN
2022-04-02 18:15:34,814 : INFO : ALTER TABLE prediction_raw_data_t ADD COLUMN
2022-04-02 18:15:34,815 : INFO : End of Creating Table...
2022-04-02 18:15:34,816 : INFO : Opened prediction database successfully
2022-04-02 18:15:34,817 : INFO : Start of Inserting Data into Table...
2022-04-02 18:15:34,845 : INFO : End of Inserting Data into Table...
2022-04-02 18:15:34,845 : INFO : Start of Exporting Data into CSV...
2022-04-02 18:15:34,846 : INFO : Opened prediction database successfully
2022-04-02 18:15:34,849 : INFO : End of Exporting Data into CSV...
2022-04-02 18:15:34,850 : INFO : Start of Moving Processed Files...
2022-04-02 18:15:34,852 : INFO : Moved the already processed file InputFile.csv
2022-04-02 18:15:34,852 : INFO : End of Moving Processed Files...
2022-04-02 18:15:34,852 : INFO : End of Data Load, validation and transformation
2022-04-02 18:15:34,852 : INFO : Start of Preprocessing...
2022-04-02 18:15:34,852 : INFO : Start of reading dataset...
2022-04-02 18:15:34,859 : INFO : End of reading dataset...
2022-04-02 18:15:34,859 : INFO : Start of feature encoding...
2022-04-02 18:15:34,867 : INFO : End of feature encoding...
2022-04-02 18:15:34,868 : INFO : Start of Droping Columns...
2022-04-02 18:15:34,870 : INFO : End of Droping Columns...
2022-04-02 18:15:34,870 : INFO : Start of finding missing values...
2022-04-02 18:15:34,873 : INFO : End of finding missing values...
2022-04-02 18:15:34,873 : INFO : Start of building final predictset...
2022-04-02 18:15:34,884 : INFO : End of building final predictset...
2022-04-02 18:15:34,884 : INFO : End of Preprocessing...
2022-04-02 18:15:34,884 : INFO :    satisfaction_level  last_evaluation  ...  salary_medium   empid
0                0.38             0.53  ...              0     1.0
1                0.80             0.86  ...              0     2.0
2                0.21             0.44  ...              0  3154.0
3                0.87             0.52  ...              0  3155.0

[4 rows x 10 columns]
2022-04-02 18:15:34,916 : INFO : Start of Load Model
2022-04-02 18:15:34,916 : INFO : Model File KMeans loaded
2022-04-02 18:15:34,916 : INFO : End of Load Model
2022-04-02 18:15:35,027 : INFO : clusters loop started
2022-04-02 18:15:35,032 : INFO : Start of finding correct model
2022-04-02 18:15:35,033 : INFO : End of finding correct model
2022-04-02 18:15:35,033 : INFO : Start of Load Model
2022-04-02 18:15:35,036 : INFO : Model File XGBoost0 loaded
2022-04-02 18:15:35,037 : INFO : End of Load Model
2022-04-02 18:15:35,222 : INFO : clusters loop started
2022-04-02 18:15:35,228 : INFO : Start of finding correct model
2022-04-02 18:15:35,228 : INFO : End of finding correct model
2022-04-02 18:15:35,229 : INFO : Start of Load Model
2022-04-02 18:15:35,231 : INFO : Model File XGBoost1 loaded
2022-04-02 18:15:35,231 : INFO : End of Load Model
2022-04-02 18:15:35,328 : INFO : End of Prediction
