2022-04-02 19:02:52,418 : INFO : Start of Prediction
2022-04-02 19:02:52,418 : INFO : run_id:2022-04-02_190252_487801883
2022-04-02 19:02:52,419 : INFO : Start of Preprocessing...
2022-04-02 19:02:52,419 : INFO : Start of feature encoding...
2022-04-02 19:02:52,429 : INFO : End of feature encoding...
2022-04-02 19:02:52,432 : INFO : Start of Droping Columns...
2022-04-02 19:02:52,444 : INFO : End of Droping Columns...
2022-04-02 19:02:52,444 : INFO : Start of finding missing values...
2022-04-02 19:02:52,449 : INFO : End of finding missing values...
2022-04-02 19:02:52,450 : INFO : Start of building final predictset...
2022-04-02 19:02:52,461 : INFO : End of building final predictset...
2022-04-02 19:02:52,462 : INFO : End of Preprocessing...
2022-04-02 19:02:52,462 : INFO : Start of Load Model
2022-04-02 19:02:52,462 : INFO : Model File KMeans loaded
2022-04-02 19:02:52,463 : INFO : End of Load Model
2022-04-02 19:02:52,475 : INFO : clusters loop started
2022-04-02 19:02:52,479 : INFO : Start of finding correct model
2022-04-02 19:02:52,480 : INFO : End of finding correct model
2022-04-02 19:02:52,480 : INFO : Start of Load Model
2022-04-02 19:02:52,481 : INFO : Model File XGBoost0 loaded
2022-04-02 19:02:52,481 : INFO : End of Load Model
2022-04-02 19:02:52,560 : INFO : Shape of Data (1, 9)
2022-04-02 19:02:52,577 : INFO : Shape of Data None
2022-04-02 19:02:52,586 : INFO : Output : [0.]
2022-04-02 19:02:52,586 : INFO : End of Prediction
