2022-03-29 11:38:42,268 : INFO : Start of Training
2022-03-29 11:38:42,269 : INFO : Run_id:2022-03-29_113842_494077630
2022-03-29 11:38:42,269 : INFO : Start of Data Load, validation and transformation
2022-03-29 11:38:42,269 : INFO : Start of Archiving Old Rejected Files...
2022-03-29 11:38:42,270 : INFO : End of Archiving Old Rejected Files...
2022-03-29 11:38:42,271 : INFO : Start of Archiving Old Validated Files...
2022-03-29 11:38:42,271 : INFO : End of Archiving Old Validated Files...
2022-03-29 11:38:42,272 : INFO : Start of Archiving Old Processed Files...
2022-03-29 11:38:42,273 : INFO : End of Archiving Old Processed Files...
2022-03-29 11:38:42,273 : INFO : Start of Archiving Old Result Files...
2022-03-29 11:38:42,273 : INFO : End of Archiving Old Result Files...
2022-03-29 11:38:42,273 : INFO : Start of Reading values From Schema...
2022-03-29 11:38:42,286 : INFO : End of Reading values From Schema...
2022-03-29 11:38:42,286 : INFO : Start of Validating Column Length...
2022-03-29 11:38:42,357 : INFO : End of Validating Column Length...
2022-03-29 11:38:42,358 : INFO : Start of Validating Missing Values...
2022-03-29 11:38:42,414 : INFO : End of Validating Missing Values...
2022-03-29 11:38:42,414 : INFO : Start of Replacing Missing Values with NULL...
2022-03-29 11:38:42,646 : INFO : hr_employee_churn_data.csv: File Transformed successfully!!
2022-03-29 11:38:42,647 : INFO : End of Replacing Missing Values with NULL...
2022-03-29 11:38:42,648 : INFO : Start of Creating Table...
2022-03-29 11:38:42,650 : INFO : Opened training database successfully
2022-03-29 11:38:42,659 : INFO : CREATE TABLE training_raw_data_t column_name
2022-03-29 11:38:42,665 : INFO : ALTER TABLE training_raw_data_t ADD COLUMN
2022-03-29 11:38:42,672 : INFO : ALTER TABLE training_raw_data_t ADD COLUMN
2022-03-29 11:38:42,678 : INFO : ALTER TABLE training_raw_data_t ADD COLUMN
2022-03-29 11:38:42,684 : INFO : ALTER TABLE training_raw_data_t ADD COLUMN
2022-03-29 11:38:42,690 : INFO : ALTER TABLE training_raw_data_t ADD COLUMN
2022-03-29 11:38:42,695 : INFO : ALTER TABLE training_raw_data_t ADD COLUMN
2022-03-29 11:38:42,701 : INFO : ALTER TABLE training_raw_data_t ADD COLUMN
2022-03-29 11:38:42,707 : INFO : ALTER TABLE training_raw_data_t ADD COLUMN
2022-03-29 11:38:42,715 : INFO : ALTER TABLE training_raw_data_t ADD COLUMN
2022-03-29 11:38:42,716 : INFO : End of Creating Table...
2022-03-29 11:38:42,717 : INFO : Opened training database successfully
2022-03-29 11:38:42,717 : INFO : Start of Inserting Data into Table...
2022-03-29 11:40:30,503 : INFO : End of Inserting Data into Table...
2022-03-29 11:40:30,503 : INFO : Start of Exporting Data into CSV...
2022-03-29 11:40:30,503 : INFO : Opened training database successfully
2022-03-29 11:40:30,765 : INFO : End of Exporting Data into CSV...
2022-03-29 11:40:30,769 : INFO : Start of Moving Processed Files...
2022-03-29 11:40:30,771 : INFO : Moved the already processed file hr_employee_churn_data.csv
2022-03-29 11:40:30,771 : INFO : End of Moving Processed Files...
2022-03-29 11:40:30,771 : INFO : End of Data Load, validation and transformation
2022-03-29 11:40:30,771 : INFO : Start of Preprocessing...
2022-03-29 11:40:30,771 : INFO : Start of reading dataset...
2022-03-29 11:40:30,799 : INFO : End of reading dataset...
2022-03-29 11:40:30,800 : INFO : Start of Droping Columns...
2022-03-29 11:40:30,806 : INFO : End of Droping Columns...
2022-03-29 11:40:30,806 : INFO : Start of feature encoding...
2022-03-29 11:40:30,820 : INFO : End of feature encoding...
2022-03-29 11:40:30,822 : INFO : Start of Droping Columns...
2022-03-29 11:40:30,826 : INFO : End of Droping Columns...
2022-03-29 11:40:30,826 : INFO : Start of finding missing values...
2022-03-29 11:40:30,838 : INFO : End of finding missing values...
2022-03-29 11:40:30,838 : INFO : Start of imputing missing values...
2022-03-29 11:40:30,869 : INFO : End of imputing missing values...
2022-03-29 11:40:30,870 : INFO : Start of splitting features and label ...
2022-03-29 11:40:30,873 : INFO : End of splitting features and label ...
2022-03-29 11:40:30,873 : INFO : End of Preprocessing...
2022-03-29 11:40:30,875 : INFO : Start of elbow plotting...
2022-03-29 11:40:40,764 : INFO : The optimum number of clusters is: 3
2022-03-29 11:40:40,764 : INFO : End of elbow plotting...
2022-03-29 11:40:40,764 : INFO : Start of Create clusters...
2022-03-29 11:40:41,062 : INFO : Start of Save Models
2022-03-29 11:40:41,062 : INFO : Start of Save Models
2022-03-29 11:40:41,065 : INFO : Model File KMeans saved
2022-03-29 11:40:41,065 : INFO : Model File KMeans saved
2022-03-29 11:40:41,066 : INFO : End of Save Models
2022-03-29 11:40:41,066 : INFO : End of Save Models
2022-03-29 11:40:41,068 : INFO : succesfully created 3clusters.
2022-03-29 11:40:41,068 : INFO : End of Create clusters...
2022-03-29 11:40:41,090 : INFO : Start of finding best model...
2022-03-29 11:40:41,090 : INFO : Start of finding best params for XGBoost algo...
2022-03-29 11:43:07,160 : INFO : XGBoost best params: {'learning_rate': 0.5, 'max_depth': 10, 'n_estimators': 200}
2022-03-29 11:43:07,160 : INFO : End of finding best params for XGBoost algo...
2022-03-29 11:43:07,180 : INFO : AUC for XGBoost:0.983593869701696
2022-03-29 11:43:07,181 : INFO : Start of finding best params for randomforest algo...
2022-03-29 11:43:52,857 : INFO : Random Forest best params: {'criterion': 'entropy', 'max_depth': 3, 'max_features': 'auto', 'n_estimators': 50}
2022-03-29 11:43:52,858 : INFO : End of finding best params for randomforest algo...
2022-03-29 11:43:52,880 : INFO : AUC for XGBoost:0.9639171207555619
2022-03-29 11:43:52,880 : INFO : End of finding best model...
2022-03-29 11:43:52,880 : INFO : Start of Save Models
2022-03-29 11:43:52,880 : INFO : Start of Save Models
2022-03-29 11:43:52,910 : INFO : Model File XGBoost0 saved
2022-03-29 11:43:52,910 : INFO : Model File XGBoost0 saved
2022-03-29 11:43:52,910 : INFO : End of Save Models
2022-03-29 11:43:52,910 : INFO : End of Save Models
2022-03-29 11:43:52,916 : INFO : Start of finding best model...
2022-03-29 11:43:52,916 : INFO : Start of finding best params for XGBoost algo...
2022-03-29 11:46:22,812 : INFO : XGBoost best params: {'learning_rate': 0.1, 'max_depth': 10, 'n_estimators': 100}
2022-03-29 11:46:22,813 : INFO : End of finding best params for XGBoost algo...
2022-03-29 11:46:22,828 : INFO : AUC for XGBoost:0.9832103511442503
2022-03-29 11:46:22,829 : INFO : Start of finding best params for randomforest algo...
2022-03-29 11:47:09,442 : INFO : Random Forest best params: {'criterion': 'gini', 'max_depth': 3, 'max_features': 'log2', 'n_estimators': 130}
2022-03-29 11:47:09,442 : INFO : End of finding best params for randomforest algo...
2022-03-29 11:47:09,490 : INFO : AUC for XGBoost:0.9583774091178822
2022-03-29 11:47:09,490 : INFO : End of finding best model...
2022-03-29 11:47:09,491 : INFO : Start of Save Models
2022-03-29 11:47:09,491 : INFO : Start of Save Models
2022-03-29 11:47:09,531 : INFO : Model File XGBoost1 saved
2022-03-29 11:47:09,531 : INFO : Model File XGBoost1 saved
2022-03-29 11:47:09,531 : INFO : End of Save Models
2022-03-29 11:47:09,531 : INFO : End of Save Models
2022-03-29 11:47:09,536 : INFO : Start of finding best model...
2022-03-29 11:47:09,536 : INFO : Start of finding best params for XGBoost algo...
2022-03-29 11:49:17,124 : INFO : XGBoost best params: {'learning_rate': 0.5, 'max_depth': 20, 'n_estimators': 50}
2022-03-29 11:49:17,125 : INFO : End of finding best params for XGBoost algo...
2022-03-29 11:49:17,143 : INFO : AUC for XGBoost:0.9081905910735827
2022-03-29 11:49:17,144 : INFO : Start of finding best params for randomforest algo...
2022-03-29 11:50:00,334 : INFO : Random Forest best params: {'criterion': 'entropy', 'max_depth': 3, 'max_features': 'log2', 'n_estimators': 10}
2022-03-29 11:50:00,335 : INFO : End of finding best params for randomforest algo...
2022-03-29 11:50:00,344 : INFO : AUC for XGBoost:0.8193968636911944
2022-03-29 11:50:00,344 : INFO : End of finding best model...
2022-03-29 11:50:00,345 : INFO : Start of Save Models
2022-03-29 11:50:00,345 : INFO : Start of Save Models
2022-03-29 11:50:00,358 : INFO : Model File XGBoost2 saved
2022-03-29 11:50:00,358 : INFO : Model File XGBoost2 saved
2022-03-29 11:50:00,359 : INFO : End of Save Models
2022-03-29 11:50:00,359 : INFO : End of Save Models
2022-03-29 11:50:00,359 : INFO : End of Training
